<?xml version="1.0" encoding="UTF-8"?>
<!-- Generated by org.testng.reporters.JUnitReportReporter -->
<testsuite hostname="IVLT-WIN" failures="0" tests="1" name="Testcases.LoginApplication" time="19.199" errors="0" timestamp="2022-04-15T22:24:28 BOT" skipped="0">
  <testcase classname="Testcases.LoginApplication" name="Login" time="19.199"/>
  <system-out/>
</testsuite> <!-- Testcases.LoginApplication -->
